2018-11-06 18:44:38,885 [8] ERROR EPiServer.Global: Unhandled exception in ASP.NET
System.Web.HttpException (0x80004005): '%20http:/localhost:50554/en/' is not a valid virtual path.
   at System.Web.Util.UrlPath.CheckValidVirtualPath(String path)
   at System.Web.Util.UrlPath.Combine(String appPath, String basepath, String relative)
   at System.Web.VirtualPath.Combine(VirtualPath relativePath)
   at System.Web.VirtualPath.Combine(VirtualPath v1, VirtualPath v2)
   at System.Web.VirtualPathUtility.Combine(String basePath, String relativePath)
   at EPiServer.Web.UrlRewriteProvider.ValidateRewriteToAny(UrlRewriteEventArgs e, String basePath)
   at EPiServer.Web.UrlRewriteProvider.ValidateRewriteToExternal(UrlRewriteEventArgs e, String basePath)
   at EPiServer.Web.RoutingUrlRewriteModule.HttpUrlRewriteToExternal(String url, RebaseKind typeOfUrl)
   at EPiServer.Web.UrlRewriteModuleBase.EndRequestEventHandler(Object sender, EventArgs e)
   at System.Web.HttpApplication.SyncEventExecutionStep.System.Web.HttpApplication.IExecutionStep.Execute()
   at System.Web.HttpApplication.ExecuteStepImpl(IExecutionStep step)
   at System.Web.HttpApplication.ExecuteStep(IExecutionStep step, Boolean& completedSynchronously)
System.Web.HttpException (0x80004005): '%20http:/localhost:50554/en/' is not a valid virtual path.
   at System.Web.Util.UrlPath.CheckValidVirtualPath(String path)
   at System.Web.Util.UrlPath.Combine(String appPath, String basepath, String relative)
   at System.Web.VirtualPath.Combine(VirtualPath relativePath)
   at System.Web.VirtualPath.Combine(VirtualPath v1, VirtualPath v2)
   at System.Web.VirtualPathUtility.Combine(String basePath, String relativePath)
   at EPiServer.Web.UrlRewriteProvider.ValidateRewriteToAny(UrlRewriteEventArgs e, String basePath)
   at EPiServer.Web.UrlRewriteProvider.ValidateRewriteToExternal(UrlRewriteEventArgs e, String basePath)
   at EPiServer.Web.RoutingUrlRewriteModule.HttpUrlRewriteToExternal(String url, RebaseKind typeOfUrl)
   at EPiServer.Web.UrlRewriteModuleBase.EndRequestEventHandler(Object sender, EventArgs e)
   at System.Web.HttpApplication.SyncEventExecutionStep.System.Web.HttpApplication.IExecutionStep.Execute()
   at System.Web.HttpApplication.ExecuteStepImpl(IExecutionStep step)
   at System.Web.HttpApplication.ExecuteStep(IExecutionStep step, Boolean& completedSynchronously)
2018-11-06 18:44:47,227 [101] ERROR EPiServer.Global: Unhandled exception in ASP.NET
System.Web.HttpException (0x80004005): '%20http:/localhost:50554/en/' is not a valid virtual path.
   at System.Web.Util.UrlPath.CheckValidVirtualPath(String path)
   at System.Web.Util.UrlPath.Combine(String appPath, String basepath, String relative)
   at System.Web.VirtualPath.Combine(VirtualPath relativePath)
   at System.Web.VirtualPath.Combine(VirtualPath v1, VirtualPath v2)
   at System.Web.VirtualPathUtility.Combine(String basePath, String relativePath)
   at EPiServer.Web.UrlRewriteProvider.ValidateRewriteToAny(UrlRewriteEventArgs e, String basePath)
   at EPiServer.Web.UrlRewriteProvider.ValidateRewriteToExternal(UrlRewriteEventArgs e, String basePath)
   at EPiServer.Web.RoutingUrlRewriteModule.HttpUrlRewriteToExternal(String url, RebaseKind typeOfUrl)
   at EPiServer.Web.UrlRewriteModuleBase.EndRequestEventHandler(Object sender, EventArgs e)
   at System.Web.HttpApplication.SyncEventExecutionStep.System.Web.HttpApplication.IExecutionStep.Execute()
   at System.Web.HttpApplication.ExecuteStepImpl(IExecutionStep step)
   at System.Web.HttpApplication.ExecuteStep(IExecutionStep step, Boolean& completedSynchronously)
System.Web.HttpException (0x80004005): '%20http:/localhost:50554/en/' is not a valid virtual path.
   at System.Web.Util.UrlPath.CheckValidVirtualPath(String path)
   at System.Web.Util.UrlPath.Combine(String appPath, String basepath, String relative)
   at System.Web.VirtualPath.Combine(VirtualPath relativePath)
   at System.Web.VirtualPath.Combine(VirtualPath v1, VirtualPath v2)
   at System.Web.VirtualPathUtility.Combine(String basePath, String relativePath)
   at EPiServer.Web.UrlRewriteProvider.ValidateRewriteToAny(UrlRewriteEventArgs e, String basePath)
   at EPiServer.Web.UrlRewriteProvider.ValidateRewriteToExternal(UrlRewriteEventArgs e, String basePath)
   at EPiServer.Web.RoutingUrlRewriteModule.HttpUrlRewriteToExternal(String url, RebaseKind typeOfUrl)
   at EPiServer.Web.UrlRewriteModuleBase.EndRequestEventHandler(Object sender, EventArgs e)
   at System.Web.HttpApplication.SyncEventExecutionStep.System.Web.HttpApplication.IExecutionStep.Execute()
   at System.Web.HttpApplication.ExecuteStepImpl(IExecutionStep step)
   at System.Web.HttpApplication.ExecuteStep(IExecutionStep step, Boolean& completedSynchronously)
2018-11-06 18:45:17,193 [111] ERROR EPiServer.Global: Unhandled exception in ASP.NET
System.Web.HttpException (0x80004005): '%20http:/localhost:50554/en/' is not a valid virtual path.
   at System.Web.Util.UrlPath.CheckValidVirtualPath(String path)
   at System.Web.Util.UrlPath.Combine(String appPath, String basepath, String relative)
   at System.Web.VirtualPath.Combine(VirtualPath relativePath)
   at System.Web.VirtualPath.Combine(VirtualPath v1, VirtualPath v2)
   at System.Web.VirtualPathUtility.Combine(String basePath, String relativePath)
   at EPiServer.Web.UrlRewriteProvider.ValidateRewriteToAny(UrlRewriteEventArgs e, String basePath)
   at EPiServer.Web.UrlRewriteProvider.ValidateRewriteToExternal(UrlRewriteEventArgs e, String basePath)
   at EPiServer.Web.RoutingUrlRewriteModule.HttpUrlRewriteToExternal(String url, RebaseKind typeOfUrl)
   at EPiServer.Web.UrlRewriteModuleBase.EndRequestEventHandler(Object sender, EventArgs e)
   at System.Web.HttpApplication.SyncEventExecutionStep.System.Web.HttpApplication.IExecutionStep.Execute()
   at System.Web.HttpApplication.ExecuteStepImpl(IExecutionStep step)
   at System.Web.HttpApplication.ExecuteStep(IExecutionStep step, Boolean& completedSynchronously)
System.Web.HttpException (0x80004005): '%20http:/localhost:50554/en/' is not a valid virtual path.
   at System.Web.Util.UrlPath.CheckValidVirtualPath(String path)
   at System.Web.Util.UrlPath.Combine(String appPath, String basepath, String relative)
   at System.Web.VirtualPath.Combine(VirtualPath relativePath)
   at System.Web.VirtualPath.Combine(VirtualPath v1, VirtualPath v2)
   at System.Web.VirtualPathUtility.Combine(String basePath, String relativePath)
   at EPiServer.Web.UrlRewriteProvider.ValidateRewriteToAny(UrlRewriteEventArgs e, String basePath)
   at EPiServer.Web.UrlRewriteProvider.ValidateRewriteToExternal(UrlRewriteEventArgs e, String basePath)
   at EPiServer.Web.RoutingUrlRewriteModule.HttpUrlRewriteToExternal(String url, RebaseKind typeOfUrl)
   at EPiServer.Web.UrlRewriteModuleBase.EndRequestEventHandler(Object sender, EventArgs e)
   at System.Web.HttpApplication.SyncEventExecutionStep.System.Web.HttpApplication.IExecutionStep.Execute()
   at System.Web.HttpApplication.ExecuteStepImpl(IExecutionStep step)
   at System.Web.HttpApplication.ExecuteStep(IExecutionStep step, Boolean& completedSynchronously)
2018-11-06 18:46:27,031 [71] ERROR EPiServer.Global: Unhandled exception in ASP.NET
System.Web.HttpException (0x80004005): '%20http:/localhost:50554/en/' is not a valid virtual path.
   at System.Web.Util.UrlPath.CheckValidVirtualPath(String path)
   at System.Web.Util.UrlPath.Combine(String appPath, String basepath, String relative)
   at System.Web.VirtualPath.Combine(VirtualPath relativePath)
   at System.Web.VirtualPath.Combine(VirtualPath v1, VirtualPath v2)
   at System.Web.VirtualPathUtility.Combine(String basePath, String relativePath)
   at EPiServer.Web.UrlRewriteProvider.ValidateRewriteToAny(UrlRewriteEventArgs e, String basePath)
   at EPiServer.Web.UrlRewriteProvider.ValidateRewriteToExternal(UrlRewriteEventArgs e, String basePath)
   at EPiServer.Web.RoutingUrlRewriteModule.HttpUrlRewriteToExternal(String url, RebaseKind typeOfUrl)
   at EPiServer.Web.UrlRewriteModuleBase.EndRequestEventHandler(Object sender, EventArgs e)
   at System.Web.HttpApplication.SyncEventExecutionStep.System.Web.HttpApplication.IExecutionStep.Execute()
   at System.Web.HttpApplication.ExecuteStepImpl(IExecutionStep step)
   at System.Web.HttpApplication.ExecuteStep(IExecutionStep step, Boolean& completedSynchronously)
System.Web.HttpException (0x80004005): '%20http:/localhost:50554/en/' is not a valid virtual path.
   at System.Web.Util.UrlPath.CheckValidVirtualPath(String path)
   at System.Web.Util.UrlPath.Combine(String appPath, String basepath, String relative)
   at System.Web.VirtualPath.Combine(VirtualPath relativePath)
   at System.Web.VirtualPath.Combine(VirtualPath v1, VirtualPath v2)
   at System.Web.VirtualPathUtility.Combine(String basePath, String relativePath)
   at EPiServer.Web.UrlRewriteProvider.ValidateRewriteToAny(UrlRewriteEventArgs e, String basePath)
   at EPiServer.Web.UrlRewriteProvider.ValidateRewriteToExternal(UrlRewriteEventArgs e, String basePath)
   at EPiServer.Web.RoutingUrlRewriteModule.HttpUrlRewriteToExternal(String url, RebaseKind typeOfUrl)
   at EPiServer.Web.UrlRewriteModuleBase.EndRequestEventHandler(Object sender, EventArgs e)
   at System.Web.HttpApplication.SyncEventExecutionStep.System.Web.HttpApplication.IExecutionStep.Execute()
   at System.Web.HttpApplication.ExecuteStepImpl(IExecutionStep step)
   at System.Web.HttpApplication.ExecuteStep(IExecutionStep step, Boolean& completedSynchronously)
2018-11-06 18:47:16,868 [111] ERROR EPiServer.Global: Unhandled exception in ASP.NET
System.Web.HttpException (0x80004005): '%20http:/localhost:50554/en/' is not a valid virtual path.
   at System.Web.Util.UrlPath.CheckValidVirtualPath(String path)
   at System.Web.Util.UrlPath.Combine(String appPath, String basepath, String relative)
   at System.Web.VirtualPath.Combine(VirtualPath relativePath)
   at System.Web.VirtualPath.Combine(VirtualPath v1, VirtualPath v2)
   at System.Web.VirtualPathUtility.Combine(String basePath, String relativePath)
   at EPiServer.Web.UrlRewriteProvider.ValidateRewriteToAny(UrlRewriteEventArgs e, String basePath)
   at EPiServer.Web.UrlRewriteProvider.ValidateRewriteToExternal(UrlRewriteEventArgs e, String basePath)
   at EPiServer.Web.RoutingUrlRewriteModule.HttpUrlRewriteToExternal(String url, RebaseKind typeOfUrl)
   at EPiServer.Web.UrlRewriteModuleBase.EndRequestEventHandler(Object sender, EventArgs e)
   at System.Web.HttpApplication.SyncEventExecutionStep.System.Web.HttpApplication.IExecutionStep.Execute()
   at System.Web.HttpApplication.ExecuteStepImpl(IExecutionStep step)
   at System.Web.HttpApplication.ExecuteStep(IExecutionStep step, Boolean& completedSynchronously)
System.Web.HttpException (0x80004005): '%20http:/localhost:50554/en/' is not a valid virtual path.
   at System.Web.Util.UrlPath.CheckValidVirtualPath(String path)
   at System.Web.Util.UrlPath.Combine(String appPath, String basepath, String relative)
   at System.Web.VirtualPath.Combine(VirtualPath relativePath)
   at System.Web.VirtualPath.Combine(VirtualPath v1, VirtualPath v2)
   at System.Web.VirtualPathUtility.Combine(String basePath, String relativePath)
   at EPiServer.Web.UrlRewriteProvider.ValidateRewriteToAny(UrlRewriteEventArgs e, String basePath)
   at EPiServer.Web.UrlRewriteProvider.ValidateRewriteToExternal(UrlRewriteEventArgs e, String basePath)
   at EPiServer.Web.RoutingUrlRewriteModule.HttpUrlRewriteToExternal(String url, RebaseKind typeOfUrl)
   at EPiServer.Web.UrlRewriteModuleBase.EndRequestEventHandler(Object sender, EventArgs e)
   at System.Web.HttpApplication.SyncEventExecutionStep.System.Web.HttpApplication.IExecutionStep.Execute()
   at System.Web.HttpApplication.ExecuteStepImpl(IExecutionStep step)
   at System.Web.HttpApplication.ExecuteStep(IExecutionStep step, Boolean& completedSynchronously)
2018-11-06 18:55:25,445 [115] ERROR EPiServer.Global: Unhandled exception in ASP.NET
System.Web.HttpException (0x80004005): '%20http:/localhost:50554/en/' is not a valid virtual path.
   at System.Web.Util.UrlPath.CheckValidVirtualPath(String path)
   at System.Web.Util.UrlPath.Combine(String appPath, String basepath, String relative)
   at System.Web.VirtualPath.Combine(VirtualPath relativePath)
   at System.Web.VirtualPath.Combine(VirtualPath v1, VirtualPath v2)
   at System.Web.VirtualPathUtility.Combine(String basePath, String relativePath)
   at EPiServer.Web.UrlRewriteProvider.ValidateRewriteToAny(UrlRewriteEventArgs e, String basePath)
   at EPiServer.Web.UrlRewriteProvider.ValidateRewriteToExternal(UrlRewriteEventArgs e, String basePath)
   at EPiServer.Web.RoutingUrlRewriteModule.HttpUrlRewriteToExternal(String url, RebaseKind typeOfUrl)
   at EPiServer.Web.UrlRewriteModuleBase.EndRequestEventHandler(Object sender, EventArgs e)
   at System.Web.HttpApplication.SyncEventExecutionStep.System.Web.HttpApplication.IExecutionStep.Execute()
   at System.Web.HttpApplication.ExecuteStepImpl(IExecutionStep step)
   at System.Web.HttpApplication.ExecuteStep(IExecutionStep step, Boolean& completedSynchronously)
System.Web.HttpException (0x80004005): '%20http:/localhost:50554/en/' is not a valid virtual path.
   at System.Web.Util.UrlPath.CheckValidVirtualPath(String path)
   at System.Web.Util.UrlPath.Combine(String appPath, String basepath, String relative)
   at System.Web.VirtualPath.Combine(VirtualPath relativePath)
   at System.Web.VirtualPath.Combine(VirtualPath v1, VirtualPath v2)
   at System.Web.VirtualPathUtility.Combine(String basePath, String relativePath)
   at EPiServer.Web.UrlRewriteProvider.ValidateRewriteToAny(UrlRewriteEventArgs e, String basePath)
   at EPiServer.Web.UrlRewriteProvider.ValidateRewriteToExternal(UrlRewriteEventArgs e, String basePath)
   at EPiServer.Web.RoutingUrlRewriteModule.HttpUrlRewriteToExternal(String url, RebaseKind typeOfUrl)
   at EPiServer.Web.UrlRewriteModuleBase.EndRequestEventHandler(Object sender, EventArgs e)
   at System.Web.HttpApplication.SyncEventExecutionStep.System.Web.HttpApplication.IExecutionStep.Execute()
   at System.Web.HttpApplication.ExecuteStepImpl(IExecutionStep step)
   at System.Web.HttpApplication.ExecuteStep(IExecutionStep step, Boolean& completedSynchronously)
2018-11-06 18:57:27,191 [14] ERROR EPiServer.Global: Unhandled exception in ASP.NET
System.Web.HttpException (0x80004005): '%20http:/localhost:50554/en/' is not a valid virtual path.
   at System.Web.Util.UrlPath.CheckValidVirtualPath(String path)
   at System.Web.Util.UrlPath.Combine(String appPath, String basepath, String relative)
   at System.Web.VirtualPath.Combine(VirtualPath relativePath)
   at System.Web.VirtualPath.Combine(VirtualPath v1, VirtualPath v2)
   at System.Web.VirtualPathUtility.Combine(String basePath, String relativePath)
   at EPiServer.Web.UrlRewriteProvider.ValidateRewriteToAny(UrlRewriteEventArgs e, String basePath)
   at EPiServer.Web.UrlRewriteProvider.ValidateRewriteToExternal(UrlRewriteEventArgs e, String basePath)
   at EPiServer.Web.RoutingUrlRewriteModule.HttpUrlRewriteToExternal(String url, RebaseKind typeOfUrl)
   at EPiServer.Web.UrlRewriteModuleBase.EndRequestEventHandler(Object sender, EventArgs e)
   at System.Web.HttpApplication.SyncEventExecutionStep.System.Web.HttpApplication.IExecutionStep.Execute()
   at System.Web.HttpApplication.ExecuteStepImpl(IExecutionStep step)
   at System.Web.HttpApplication.ExecuteStep(IExecutionStep step, Boolean& completedSynchronously)
System.Web.HttpException (0x80004005): '%20http:/localhost:50554/en/' is not a valid virtual path.
   at System.Web.Util.UrlPath.CheckValidVirtualPath(String path)
   at System.Web.Util.UrlPath.Combine(String appPath, String basepath, String relative)
   at System.Web.VirtualPath.Combine(VirtualPath relativePath)
   at System.Web.VirtualPath.Combine(VirtualPath v1, VirtualPath v2)
   at System.Web.VirtualPathUtility.Combine(String basePath, String relativePath)
   at EPiServer.Web.UrlRewriteProvider.ValidateRewriteToAny(UrlRewriteEventArgs e, String basePath)
   at EPiServer.Web.UrlRewriteProvider.ValidateRewriteToExternal(UrlRewriteEventArgs e, String basePath)
   at EPiServer.Web.RoutingUrlRewriteModule.HttpUrlRewriteToExternal(String url, RebaseKind typeOfUrl)
   at EPiServer.Web.UrlRewriteModuleBase.EndRequestEventHandler(Object sender, EventArgs e)
   at System.Web.HttpApplication.SyncEventExecutionStep.System.Web.HttpApplication.IExecutionStep.Execute()
   at System.Web.HttpApplication.ExecuteStepImpl(IExecutionStep step)
   at System.Web.HttpApplication.ExecuteStep(IExecutionStep step, Boolean& completedSynchronously)
2018-11-06 19:02:40,457 [9] ERROR EPiServer.Global: Unhandled exception in ASP.NET
System.Web.HttpException (0x80004005): '%20http:/localhost:50554/en/' is not a valid virtual path.
   at System.Web.Util.UrlPath.CheckValidVirtualPath(String path)
   at System.Web.Util.UrlPath.Combine(String appPath, String basepath, String relative)
   at System.Web.VirtualPath.Combine(VirtualPath relativePath)
   at System.Web.VirtualPath.Combine(VirtualPath v1, VirtualPath v2)
   at System.Web.VirtualPathUtility.Combine(String basePath, String relativePath)
   at EPiServer.Web.UrlRewriteProvider.ValidateRewriteToAny(UrlRewriteEventArgs e, String basePath)
   at EPiServer.Web.UrlRewriteProvider.ValidateRewriteToExternal(UrlRewriteEventArgs e, String basePath)
   at EPiServer.Web.RoutingUrlRewriteModule.HttpUrlRewriteToExternal(String url, RebaseKind typeOfUrl)
   at EPiServer.Web.UrlRewriteModuleBase.EndRequestEventHandler(Object sender, EventArgs e)
   at System.Web.HttpApplication.SyncEventExecutionStep.System.Web.HttpApplication.IExecutionStep.Execute()
   at System.Web.HttpApplication.ExecuteStepImpl(IExecutionStep step)
   at System.Web.HttpApplication.ExecuteStep(IExecutionStep step, Boolean& completedSynchronously)
System.Web.HttpException (0x80004005): '%20http:/localhost:50554/en/' is not a valid virtual path.
   at System.Web.Util.UrlPath.CheckValidVirtualPath(String path)
   at System.Web.Util.UrlPath.Combine(String appPath, String basepath, String relative)
   at System.Web.VirtualPath.Combine(VirtualPath relativePath)
   at System.Web.VirtualPath.Combine(VirtualPath v1, VirtualPath v2)
   at System.Web.VirtualPathUtility.Combine(String basePath, String relativePath)
   at EPiServer.Web.UrlRewriteProvider.ValidateRewriteToAny(UrlRewriteEventArgs e, String basePath)
   at EPiServer.Web.UrlRewriteProvider.ValidateRewriteToExternal(UrlRewriteEventArgs e, String basePath)
   at EPiServer.Web.RoutingUrlRewriteModule.HttpUrlRewriteToExternal(String url, RebaseKind typeOfUrl)
   at EPiServer.Web.UrlRewriteModuleBase.EndRequestEventHandler(Object sender, EventArgs e)
   at System.Web.HttpApplication.SyncEventExecutionStep.System.Web.HttpApplication.IExecutionStep.Execute()
   at System.Web.HttpApplication.ExecuteStepImpl(IExecutionStep step)
   at System.Web.HttpApplication.ExecuteStep(IExecutionStep step, Boolean& completedSynchronously)
2018-11-06 19:03:52,325 [30] ERROR EPiServer.Global: Unhandled exception in ASP.NET
System.Web.HttpException (0x80004005): '%20http:/localhost:50554/en/' is not a valid virtual path.
   at System.Web.Util.UrlPath.CheckValidVirtualPath(String path)
   at System.Web.Util.UrlPath.Combine(String appPath, String basepath, String relative)
   at System.Web.VirtualPath.Combine(VirtualPath relativePath)
   at System.Web.VirtualPath.Combine(VirtualPath v1, VirtualPath v2)
   at System.Web.VirtualPathUtility.Combine(String basePath, String relativePath)
   at EPiServer.Web.UrlRewriteProvider.ValidateRewriteToAny(UrlRewriteEventArgs e, String basePath)
   at EPiServer.Web.UrlRewriteProvider.ValidateRewriteToExternal(UrlRewriteEventArgs e, String basePath)
   at EPiServer.Web.RoutingUrlRewriteModule.HttpUrlRewriteToExternal(String url, RebaseKind typeOfUrl)
   at EPiServer.Web.UrlRewriteModuleBase.EndRequestEventHandler(Object sender, EventArgs e)
   at System.Web.HttpApplication.SyncEventExecutionStep.System.Web.HttpApplication.IExecutionStep.Execute()
   at System.Web.HttpApplication.ExecuteStepImpl(IExecutionStep step)
   at System.Web.HttpApplication.ExecuteStep(IExecutionStep step, Boolean& completedSynchronously)
System.Web.HttpException (0x80004005): '%20http:/localhost:50554/en/' is not a valid virtual path.
   at System.Web.Util.UrlPath.CheckValidVirtualPath(String path)
   at System.Web.Util.UrlPath.Combine(String appPath, String basepath, String relative)
   at System.Web.VirtualPath.Combine(VirtualPath relativePath)
   at System.Web.VirtualPath.Combine(VirtualPath v1, VirtualPath v2)
   at System.Web.VirtualPathUtility.Combine(String basePath, String relativePath)
   at EPiServer.Web.UrlRewriteProvider.ValidateRewriteToAny(UrlRewriteEventArgs e, String basePath)
   at EPiServer.Web.UrlRewriteProvider.ValidateRewriteToExternal(UrlRewriteEventArgs e, String basePath)
   at EPiServer.Web.RoutingUrlRewriteModule.HttpUrlRewriteToExternal(String url, RebaseKind typeOfUrl)
   at EPiServer.Web.UrlRewriteModuleBase.EndRequestEventHandler(Object sender, EventArgs e)
   at System.Web.HttpApplication.SyncEventExecutionStep.System.Web.HttpApplication.IExecutionStep.Execute()
   at System.Web.HttpApplication.ExecuteStepImpl(IExecutionStep step)
   at System.Web.HttpApplication.ExecuteStep(IExecutionStep step, Boolean& completedSynchronously)
2018-11-06 19:04:27,732 [25] ERROR EPiServer.Global: Unhandled exception in ASP.NET
System.Web.HttpException (0x80004005): '%20http:/localhost:50554/en/about-us/' is not a valid virtual path.
   at System.Web.Util.UrlPath.CheckValidVirtualPath(String path)
   at System.Web.Util.UrlPath.Combine(String appPath, String basepath, String relative)
   at System.Web.VirtualPath.Combine(VirtualPath relativePath)
   at System.Web.VirtualPath.Combine(VirtualPath v1, VirtualPath v2)
   at System.Web.VirtualPathUtility.Combine(String basePath, String relativePath)
   at EPiServer.Web.UrlRewriteProvider.ValidateRewriteToAny(UrlRewriteEventArgs e, String basePath)
   at EPiServer.Web.UrlRewriteProvider.ValidateRewriteToExternal(UrlRewriteEventArgs e, String basePath)
   at EPiServer.Web.RoutingUrlRewriteModule.HttpUrlRewriteToExternal(String url, RebaseKind typeOfUrl)
   at EPiServer.Web.UrlRewriteModuleBase.EndRequestEventHandler(Object sender, EventArgs e)
   at System.Web.HttpApplication.SyncEventExecutionStep.System.Web.HttpApplication.IExecutionStep.Execute()
   at System.Web.HttpApplication.ExecuteStepImpl(IExecutionStep step)
   at System.Web.HttpApplication.ExecuteStep(IExecutionStep step, Boolean& completedSynchronously)
System.Web.HttpException (0x80004005): '%20http:/localhost:50554/en/about-us/' is not a valid virtual path.
   at System.Web.Util.UrlPath.CheckValidVirtualPath(String path)
   at System.Web.Util.UrlPath.Combine(String appPath, String basepath, String relative)
   at System.Web.VirtualPath.Combine(VirtualPath relativePath)
   at System.Web.VirtualPath.Combine(VirtualPath v1, VirtualPath v2)
   at System.Web.VirtualPathUtility.Combine(String basePath, String relativePath)
   at EPiServer.Web.UrlRewriteProvider.ValidateRewriteToAny(UrlRewriteEventArgs e, String basePath)
   at EPiServer.Web.UrlRewriteProvider.ValidateRewriteToExternal(UrlRewriteEventArgs e, String basePath)
   at EPiServer.Web.RoutingUrlRewriteModule.HttpUrlRewriteToExternal(String url, RebaseKind typeOfUrl)
   at EPiServer.Web.UrlRewriteModuleBase.EndRequestEventHandler(Object sender, EventArgs e)
   at System.Web.HttpApplication.SyncEventExecutionStep.System.Web.HttpApplication.IExecutionStep.Execute()
   at System.Web.HttpApplication.ExecuteStepImpl(IExecutionStep step)
   at System.Web.HttpApplication.ExecuteStep(IExecutionStep step, Boolean& completedSynchronously)
